2016-10-09 14:19:50 INFO  ClassPathXmlApplicationContext:581 - Refreshing org.springframework.context.support.ClassPathXmlApplicationContext@4cdf35a9: startup date [Sun Oct 09 14:19:50 EEST 2016]; root of context hierarchy
2016-10-09 14:19:50 INFO  XmlBeanDefinitionReader:317 - Loading XML bean definitions from class path resource [application-context.xml]
2016-10-09 14:19:51 INFO  XmlBeanDefinitionReader:317 - Loading XML bean definitions from class path resource [aop-context.xml]
2016-10-09 14:19:55 INFO  LogAspect:14 - Before excution of: registerOperation
2016-10-09 14:19:55 INFO  LogAspect:16 - After excution of: registerOperation
2016-10-09 14:19:55 INFO  LogAspect:14 - Before excution of: registerOperation
2016-10-09 14:19:55 INFO  LogAspect:16 - After excution of: registerOperation
2016-10-09 14:19:55 INFO  LogAspect:14 - Before excution of: registerOperation
2016-10-09 14:19:55 INFO  LogAspect:16 - After excution of: registerOperation
2016-10-09 14:20:16 INFO  LogAspect:14 - Before excution of: calculate
2016-10-09 14:20:16 INFO  LogAspect:14 - Before excution of: getOperation
2016-10-09 14:20:16 INFO  LogAspect:16 - After excution of: getOperation
2016-10-09 14:20:16 INFO  LogAspect:14 - Before excution of: getOperation
2016-10-09 14:20:16 INFO  LogAspect:16 - After excution of: getOperation
2016-10-09 14:20:16 INFO  LogAspect:21 - Error in execution: calculate
2016-10-09 14:20:16 INFO  LogAspect:22 - Error is: Incorrect number of parameters in +
2016-10-09 14:20:16 INFO  LogAspect:29 - Arguments is: 1+
2016-10-09 14:25:14 INFO  ClassPathXmlApplicationContext:581 - Refreshing org.springframework.context.support.ClassPathXmlApplicationContext@4cdf35a9: startup date [Sun Oct 09 14:25:14 EEST 2016]; root of context hierarchy
2016-10-09 14:25:14 INFO  XmlBeanDefinitionReader:317 - Loading XML bean definitions from class path resource [application-context.xml]
2016-10-09 14:25:14 INFO  XmlBeanDefinitionReader:317 - Loading XML bean definitions from class path resource [aop-context.xml]
2016-10-09 14:25:18 INFO  LogAspect:14 - Before excution of: org.springframework.aop.aspectj.MethodInvocationProceedingJoinPoint.registerOperation
2016-10-09 14:25:18 INFO  LogAspect:16 - After excution of: registerOperation
2016-10-09 14:25:18 INFO  LogAspect:14 - Before excution of: org.springframework.aop.aspectj.MethodInvocationProceedingJoinPoint.registerOperation
2016-10-09 14:25:18 INFO  LogAspect:16 - After excution of: registerOperation
2016-10-09 14:25:18 INFO  LogAspect:14 - Before excution of: org.springframework.aop.aspectj.MethodInvocationProceedingJoinPoint.registerOperation
2016-10-09 14:25:18 INFO  LogAspect:16 - After excution of: registerOperation
2016-10-09 14:25:29 INFO  LogAspect:14 - Before excution of: org.springframework.aop.aspectj.MethodInvocationProceedingJoinPoint.calculate
2016-10-09 14:25:29 INFO  LogAspect:14 - Before excution of: org.springframework.aop.aspectj.MethodInvocationProceedingJoinPoint.getOperation
2016-10-09 14:25:29 INFO  LogAspect:16 - After excution of: getOperation
2016-10-09 14:25:29 INFO  LogAspect:14 - Before excution of: org.springframework.aop.aspectj.MethodInvocationProceedingJoinPoint.getOperation
2016-10-09 14:25:29 INFO  LogAspect:16 - After excution of: getOperation
2016-10-09 14:25:29 INFO  LogAspect:16 - After excution of: calculate
2016-10-09 14:28:27 INFO  ClassPathXmlApplicationContext:581 - Refreshing org.springframework.context.support.ClassPathXmlApplicationContext@4cdf35a9: startup date [Sun Oct 09 14:28:27 EEST 2016]; root of context hierarchy
2016-10-09 14:28:27 INFO  XmlBeanDefinitionReader:317 - Loading XML bean definitions from class path resource [application-context.xml]
2016-10-09 14:28:28 INFO  XmlBeanDefinitionReader:317 - Loading XML bean definitions from class path resource [aop-context.xml]
2016-10-09 14:28:31 INFO  LogAspect:14 - Before excution of: class org.springframework.aop.aspectj.MethodInvocationProceedingJoinPoint$MethodSignatureImpl.registerOperation
2016-10-09 14:28:31 INFO  LogAspect:16 - After excution of: class org.springframework.aop.aspectj.MethodInvocationProceedingJoinPoint$MethodSignatureImpl.registerOperation Result is: null
2016-10-09 14:28:31 INFO  LogAspect:14 - Before excution of: class org.springframework.aop.aspectj.MethodInvocationProceedingJoinPoint$MethodSignatureImpl.registerOperation
2016-10-09 14:28:31 INFO  LogAspect:16 - After excution of: class org.springframework.aop.aspectj.MethodInvocationProceedingJoinPoint$MethodSignatureImpl.registerOperation Result is: null
2016-10-09 14:28:31 INFO  LogAspect:14 - Before excution of: class org.springframework.aop.aspectj.MethodInvocationProceedingJoinPoint$MethodSignatureImpl.registerOperation
2016-10-09 14:28:31 INFO  LogAspect:16 - After excution of: class org.springframework.aop.aspectj.MethodInvocationProceedingJoinPoint$MethodSignatureImpl.registerOperation Result is: null
2016-10-09 14:28:37 INFO  LogAspect:14 - Before excution of: class org.springframework.aop.aspectj.MethodInvocationProceedingJoinPoint$MethodSignatureImpl.calculate
2016-10-09 14:28:37 INFO  LogAspect:14 - Before excution of: class org.springframework.aop.aspectj.MethodInvocationProceedingJoinPoint$MethodSignatureImpl.getOperation
2016-10-09 14:28:37 INFO  LogAspect:16 - After excution of: class org.springframework.aop.aspectj.MethodInvocationProceedingJoinPoint$MethodSignatureImpl.getOperation Result is: com.goit.homeworks.Operation@2b
2016-10-09 14:28:37 INFO  LogAspect:14 - Before excution of: class org.springframework.aop.aspectj.MethodInvocationProceedingJoinPoint$MethodSignatureImpl.getOperation
2016-10-09 14:28:37 INFO  LogAspect:16 - After excution of: class org.springframework.aop.aspectj.MethodInvocationProceedingJoinPoint$MethodSignatureImpl.getOperation Result is: com.goit.homeworks.Operation@2a
2016-10-09 14:28:37 INFO  LogAspect:14 - Before excution of: class org.springframework.aop.aspectj.MethodInvocationProceedingJoinPoint$MethodSignatureImpl.getOperation
2016-10-09 14:28:37 INFO  LogAspect:16 - After excution of: class org.springframework.aop.aspectj.MethodInvocationProceedingJoinPoint$MethodSignatureImpl.getOperation Result is: com.goit.homeworks.Operation@2b
2016-10-09 14:28:37 INFO  LogAspect:14 - Before excution of: class org.springframework.aop.aspectj.MethodInvocationProceedingJoinPoint$MethodSignatureImpl.getOperation
2016-10-09 14:28:37 INFO  LogAspect:16 - After excution of: class org.springframework.aop.aspectj.MethodInvocationProceedingJoinPoint$MethodSignatureImpl.getOperation Result is: com.goit.homeworks.Operation@2a
2016-10-09 14:28:37 INFO  LogAspect:14 - Before excution of: class org.springframework.aop.aspectj.MethodInvocationProceedingJoinPoint$MethodSignatureImpl.evaluate
2016-10-09 14:28:37 INFO  LogAspect:16 - After excution of: class org.springframework.aop.aspectj.MethodInvocationProceedingJoinPoint$MethodSignatureImpl.evaluate Result is: 336
2016-10-09 14:28:37 INFO  LogAspect:14 - Before excution of: class org.springframework.aop.aspectj.MethodInvocationProceedingJoinPoint$MethodSignatureImpl.getOperation
2016-10-09 14:28:37 INFO  LogAspect:16 - After excution of: class org.springframework.aop.aspectj.MethodInvocationProceedingJoinPoint$MethodSignatureImpl.getOperation Result is: com.goit.homeworks.Operation@2b
2016-10-09 14:28:37 INFO  LogAspect:16 - After excution of: class org.springframework.aop.aspectj.MethodInvocationProceedingJoinPoint$MethodSignatureImpl.calculate Result is: 337
2016-10-09 14:31:33 INFO  ClassPathXmlApplicationContext:581 - Refreshing org.springframework.context.support.ClassPathXmlApplicationContext@4cdf35a9: startup date [Sun Oct 09 14:31:33 EEST 2016]; root of context hierarchy
2016-10-09 14:31:33 INFO  XmlBeanDefinitionReader:317 - Loading XML bean definitions from class path resource [application-context.xml]
2016-10-09 14:31:33 INFO  XmlBeanDefinitionReader:317 - Loading XML bean definitions from class path resource [aop-context.xml]
2016-10-09 14:31:37 INFO  LogAspect:14 - Before excution of: com.goit.homeworks.OperationFactory.registerOperation
2016-10-09 14:31:37 INFO  LogAspect:16 - After excution of: com.goit.homeworks.OperationFactory.registerOperation Result is: null
2016-10-09 14:31:37 INFO  LogAspect:14 - Before excution of: com.goit.homeworks.OperationFactory.registerOperation
2016-10-09 14:31:37 INFO  LogAspect:16 - After excution of: com.goit.homeworks.OperationFactory.registerOperation Result is: null
2016-10-09 14:31:37 INFO  LogAspect:14 - Before excution of: com.goit.homeworks.OperationFactory.registerOperation
2016-10-09 14:31:37 INFO  LogAspect:16 - After excution of: com.goit.homeworks.OperationFactory.registerOperation Result is: null
2016-10-09 14:31:54 INFO  LogAspect:14 - Before excution of: com.goit.homeworks.Calculator.calculate
2016-10-09 14:31:54 INFO  LogAspect:14 - Before excution of: com.goit.homeworks.OperationFactory.getOperation
2016-10-09 14:31:54 INFO  LogAspect:16 - After excution of: com.goit.homeworks.OperationFactory.getOperation Result is: com.goit.homeworks.Operation@2b
2016-10-09 14:31:54 INFO  LogAspect:14 - Before excution of: com.goit.homeworks.OperationFactory.getOperation
2016-10-09 14:31:54 INFO  LogAspect:16 - After excution of: com.goit.homeworks.OperationFactory.getOperation Result is: com.goit.homeworks.Operation@2a
2016-10-09 14:31:54 INFO  LogAspect:14 - Before excution of: com.goit.homeworks.OperationFactory.getOperation
2016-10-09 14:31:54 INFO  LogAspect:16 - After excution of: com.goit.homeworks.OperationFactory.getOperation Result is: com.goit.homeworks.Operation@2b
2016-10-09 14:31:54 INFO  LogAspect:14 - Before excution of: com.goit.homeworks.OperationFactory.getOperation
2016-10-09 14:31:54 INFO  LogAspect:16 - After excution of: com.goit.homeworks.OperationFactory.getOperation Result is: com.goit.homeworks.Operation@2d
2016-10-09 14:31:54 INFO  LogAspect:14 - Before excution of: com.goit.homeworks.OperationFactory.getOperation
2016-10-09 14:31:54 INFO  LogAspect:16 - After excution of: com.goit.homeworks.OperationFactory.getOperation Result is: com.goit.homeworks.Operation@2a
2016-10-09 14:31:54 INFO  LogAspect:14 - Before excution of: com.goit.homeworks.OperationFactory.getOperation
2016-10-09 14:31:54 INFO  LogAspect:16 - After excution of: com.goit.homeworks.OperationFactory.getOperation Result is: com.goit.homeworks.Operation@2a
2016-10-09 14:31:54 INFO  LogAspect:14 - Before excution of: com.goit.homeworks.Evaluator.evaluate
2016-10-09 14:31:54 INFO  LogAspect:16 - After excution of: com.goit.homeworks.Evaluator.evaluate Result is: 6
2016-10-09 14:31:54 INFO  LogAspect:14 - Before excution of: com.goit.homeworks.OperationFactory.getOperation
2016-10-09 14:31:54 INFO  LogAspect:16 - After excution of: com.goit.homeworks.OperationFactory.getOperation Result is: com.goit.homeworks.Operation@2b
2016-10-09 14:31:54 INFO  LogAspect:14 - Before excution of: com.goit.homeworks.OperationFactory.getOperation
2016-10-09 14:31:54 INFO  LogAspect:16 - After excution of: com.goit.homeworks.OperationFactory.getOperation Result is: com.goit.homeworks.Operation@2b
2016-10-09 14:31:54 INFO  LogAspect:14 - Before excution of: com.goit.homeworks.OperationFactory.getOperation
2016-10-09 14:31:54 INFO  LogAspect:16 - After excution of: com.goit.homeworks.OperationFactory.getOperation Result is: com.goit.homeworks.Operation@2d
2016-10-09 14:31:54 INFO  LogAspect:14 - Before excution of: com.goit.homeworks.OperationFactory.getOperation
2016-10-09 14:31:54 INFO  LogAspect:16 - After excution of: com.goit.homeworks.OperationFactory.getOperation Result is: null
2016-10-09 14:31:54 INFO  LogAspect:14 - Before excution of: com.goit.homeworks.OperationFactory.getOperation
2016-10-09 14:31:54 INFO  LogAspect:16 - After excution of: com.goit.homeworks.OperationFactory.getOperation Result is: com.goit.homeworks.Operation@2d
2016-10-09 14:31:54 INFO  LogAspect:14 - Before excution of: com.goit.homeworks.OperationFactory.getOperation
2016-10-09 14:31:54 INFO  LogAspect:16 - After excution of: com.goit.homeworks.OperationFactory.getOperation Result is: com.goit.homeworks.Operation@2d
2016-10-09 14:31:54 INFO  LogAspect:16 - After excution of: com.goit.homeworks.Calculator.calculate Result is: 8
